<?xml version="1.0" encoding="UTF-8"?>
<testng-results ignored="0" total="1" passed="1" failed="0" skipped="0">
  <reporter-output>
  </reporter-output>
  <suite started-at="2023-12-11T21:51:11 PST" name="Default suite" finished-at="2023-12-11T21:51:23 PST" duration-ms="12005">
    <groups>
      <group name="cucumber">
        <method signature="AbstractTestNGCucumberTests.runScenario(io.cucumber.testng.PickleWrapper,io.cucumber.testng.FeatureWrapper)[pri:0, instance:runner.TestRunner@77c2494c]" name="runScenario" class="io.cucumber.testng.AbstractTestNGCucumberTests"/>
      </group> <!-- cucumber -->
    </groups>
    <test started-at="2023-12-11T21:51:11 PST" name="Default test" finished-at="2023-12-11T21:51:23 PST" duration-ms="12005">
      <class name="runner.TestRunner">
        <test-method is-config="true" signature="setUpClass(org.testng.ITestContext)[pri:0, instance:runner.TestRunner@77c2494c]" started-at="2023-12-11T21:51:11 PST" name="setUpClass" finished-at="2023-12-11T21:51:12 PST" duration-ms="635" status="PASS">
          <params>
            <param index="0">
              <value>
                <![CDATA[org.testng.TestRunner@648d0e6d]]>
              </value>
            </param>
          </params>
          <reporter-output>
          </reporter-output>
        </test-method> <!-- setUpClass -->
        <test-method signature="runScenario(io.cucumber.testng.PickleWrapper,io.cucumber.testng.FeatureWrapper)[pri:0, instance:runner.TestRunner@77c2494c]" started-at="2023-12-11T21:51:12 PST" name="runScenario" description="Runs Cucumber Scenarios" data-provider="scenarios" finished-at="2023-12-11T21:51:23 PST" duration-ms="11285" status="PASS">
          <params>
            <param index="0">
              <value>
                <![CDATA["Testing Try Editor page with wrong syntax."]]>
              </value>
            </param>
            <param index="1">
              <value>
                <![CDATA["Testing Tree Module in DS Portal."]]>
              </value>
            </param>
          </params>
          <reporter-output>
          </reporter-output>
        </test-method> <!-- runScenario -->
        <test-method is-config="true" signature="tearDownClass()[pri:0, instance:runner.TestRunner@77c2494c]" started-at="2023-12-11T21:51:23 PST" name="tearDownClass" finished-at="2023-12-11T21:51:23 PST" duration-ms="31" status="PASS">
          <reporter-output>
          </reporter-output>
        </test-method> <!-- tearDownClass -->
      </class> <!-- runner.TestRunner -->
    </test> <!-- Default test -->
  </suite> <!-- Default suite -->
</testng-results>
