<?xml version="1.0" encoding="UTF-8"?>
<testng-results ignored="0" total="6" passed="6" failed="0" skipped="0">
  <reporter-output>
  </reporter-output>
  <suite started-at="2024-01-02T23:51:49 PST" name="Default suite" finished-at="2024-01-02T23:52:12 PST" duration-ms="22909">
    <groups>
      <group name="cucumber">
        <method signature="AbstractTestNGCucumberTests.runScenario(io.cucumber.testng.PickleWrapper,io.cucumber.testng.FeatureWrapper)[pri:0, instance:runner.TestRunner@3f1d2e23]" name="runScenario" class="io.cucumber.testng.AbstractTestNGCucumberTests"/>
      </group> <!-- cucumber -->
    </groups>
    <test started-at="2024-01-02T23:51:49 PST" name="Default test" finished-at="2024-01-02T23:52:12 PST" duration-ms="22909">
      <class name="runner.TestRunner">
        <test-method is-config="true" signature="setUpClass(org.testng.ITestContext)[pri:0, instance:runner.TestRunner@3f1d2e23]" started-at="2024-01-02T23:51:49 PST" name="setUpClass" finished-at="2024-01-02T23:51:50 PST" duration-ms="960" status="PASS">
          <params>
            <param index="0">
              <value>
                <![CDATA[org.testng.TestRunner@67a3394c]]>
              </value>
            </param>
          </params>
          <reporter-output>
          </reporter-output>
        </test-method> <!-- setUpClass -->
        <test-method signature="runScenario(io.cucumber.testng.PickleWrapper,io.cucumber.testng.FeatureWrapper)[pri:0, instance:runner.TestRunner@3f1d2e23]" started-at="2024-01-02T23:51:50 PST" name="runScenario" description="Runs Cucumber Scenarios" data-provider="scenarios" finished-at="2024-01-02T23:51:57 PST" duration-ms="7795" status="PASS">
          <params>
            <param index="0">
              <value>
                <![CDATA["To validate successfull login message by entering valid username and password"]]>
              </value>
            </param>
            <param index="1">
              <value>
                <![CDATA["Testing the Sign In functionality of Ds Algo application"]]>
              </value>
            </param>
          </params>
          <reporter-output>
          </reporter-output>
        </test-method> <!-- runScenario -->
        <test-method signature="runScenario(io.cucumber.testng.PickleWrapper,io.cucumber.testng.FeatureWrapper)[pri:0, instance:runner.TestRunner@3f1d2e23]" started-at="2024-01-02T23:51:57 PST" name="runScenario" description="Runs Cucumber Scenarios" data-provider="scenarios" finished-at="2024-01-02T23:52:00 PST" duration-ms="2717" status="PASS">
          <params>
            <param index="0">
              <value>
                <![CDATA["To validate unsuccessfull login message by entering invalid username and password combinations"]]>
              </value>
            </param>
            <param index="1">
              <value>
                <![CDATA["Testing the Sign In functionality of Ds Algo application"]]>
              </value>
            </param>
          </params>
          <reporter-output>
          </reporter-output>
        </test-method> <!-- runScenario -->
        <test-method signature="runScenario(io.cucumber.testng.PickleWrapper,io.cucumber.testng.FeatureWrapper)[pri:0, instance:runner.TestRunner@3f1d2e23]" started-at="2024-01-02T23:52:00 PST" name="runScenario" description="Runs Cucumber Scenarios" data-provider="scenarios" finished-at="2024-01-02T23:52:03 PST" duration-ms="2646" status="PASS">
          <params>
            <param index="0">
              <value>
                <![CDATA["To validate unsuccessfull login message by entering invalid username and valid password"]]>
              </value>
            </param>
            <param index="1">
              <value>
                <![CDATA["Testing the Sign In functionality of Ds Algo application"]]>
              </value>
            </param>
          </params>
          <reporter-output>
          </reporter-output>
        </test-method> <!-- runScenario -->
        <test-method signature="runScenario(io.cucumber.testng.PickleWrapper,io.cucumber.testng.FeatureWrapper)[pri:0, instance:runner.TestRunner@3f1d2e23]" started-at="2024-01-02T23:52:03 PST" name="runScenario" description="Runs Cucumber Scenarios" data-provider="scenarios" finished-at="2024-01-02T23:52:05 PST" duration-ms="2319" status="PASS">
          <params>
            <param index="0">
              <value>
                <![CDATA["To validate Login button providing blank username and password"]]>
              </value>
            </param>
            <param index="1">
              <value>
                <![CDATA["Testing the Sign In functionality of Ds Algo application"]]>
              </value>
            </param>
          </params>
          <reporter-output>
          </reporter-output>
        </test-method> <!-- runScenario -->
        <test-method signature="runScenario(io.cucumber.testng.PickleWrapper,io.cucumber.testng.FeatureWrapper)[pri:0, instance:runner.TestRunner@3f1d2e23]" started-at="2024-01-02T23:52:05 PST" name="runScenario" description="Runs Cucumber Scenarios" data-provider="scenarios" finished-at="2024-01-02T23:52:08 PST" duration-ms="2459" status="PASS">
          <params>
            <param index="0">
              <value>
                <![CDATA["To validate Login button providing blank username and valid password"]]>
              </value>
            </param>
            <param index="1">
              <value>
                <![CDATA["Testing the Sign In functionality of Ds Algo application"]]>
              </value>
            </param>
          </params>
          <reporter-output>
          </reporter-output>
        </test-method> <!-- runScenario -->
        <test-method signature="runScenario(io.cucumber.testng.PickleWrapper,io.cucumber.testng.FeatureWrapper)[pri:0, instance:runner.TestRunner@3f1d2e23]" started-at="2024-01-02T23:52:08 PST" name="runScenario" description="Runs Cucumber Scenarios" data-provider="scenarios" finished-at="2024-01-02T23:52:10 PST" duration-ms="2239" status="PASS">
          <params>
            <param index="0">
              <value>
                <![CDATA["To validate Login button providing valid username and blank password"]]>
              </value>
            </param>
            <param index="1">
              <value>
                <![CDATA["Testing the Sign In functionality of Ds Algo application"]]>
              </value>
            </param>
          </params>
          <reporter-output>
          </reporter-output>
        </test-method> <!-- runScenario -->
        <test-method is-config="true" signature="tearDownClass()[pri:0, instance:runner.TestRunner@3f1d2e23]" started-at="2024-01-02T23:52:10 PST" name="tearDownClass" finished-at="2024-01-02T23:52:12 PST" duration-ms="1713" status="PASS">
          <reporter-output>
          </reporter-output>
        </test-method> <!-- tearDownClass -->
      </class> <!-- runner.TestRunner -->
    </test> <!-- Default test -->
  </suite> <!-- Default suite -->
</testng-results>
